<?xml version="1.0" encoding="UTF-8"?>
<testng-results skipped="0" failed="4" ignored="0" total="8" passed="4">
  <reporter-output>
  </reporter-output>
  <suite name="WestPac User Story 1 TestSuite" duration-ms="153091" started-at="2018-10-07T23:56:19Z" finished-at="2018-10-07T23:58:52Z">
    <groups>
    </groups>
    <test name="1.a. Test Error Message for Invalid Amount" duration-ms="14534" started-at="2018-10-07T23:56:19Z" finished-at="2018-10-07T23:56:34Z">
      <class name="Test.TestWestPacUserStory1">
        <test-method status="PASS" signature="setup()[pri:0, instance:Test.TestWestPacUserStory1@28feb3fa]" name="setup" is-config="true" duration-ms="11545" started-at="2018-10-08T12:56:19Z" finished-at="2018-10-08T12:56:31Z">
          <reporter-output>
          </reporter-output>
        </test-method> <!-- setup -->
        <test-method status="PASS" signature="test_Warning_Message_For_Invalid_Input(java.lang.String, java.lang.String)[pri:1, instance:Test.TestWestPacUserStory1@28feb3fa]" name="test_Warning_Message_For_Invalid_Input" duration-ms="2784" started-at="2018-10-08T12:56:31Z" finished-at="2018-10-08T12:56:33Z">
          <params>
            <param index="0">
              <value>
                <![CDATA[New Zealand Dollar]]>
              </value>
            </param>
            <param index="1">
              <value>
                <![CDATA[United States Dollar]]>
              </value>
            </param>
          </params>
          <reporter-output>
          </reporter-output>
        </test-method> <!-- test_Warning_Message_For_Invalid_Input -->
        <test-method status="PASS" signature="tearDown()[pri:0, instance:Test.TestWestPacUserStory1@28feb3fa]" name="tearDown" is-config="true" duration-ms="168" started-at="2018-10-08T12:56:33Z" finished-at="2018-10-08T12:56:34Z">
          <reporter-output>
          </reporter-output>
        </test-method> <!-- tearDown -->
      </class> <!-- Test.TestWestPacUserStory1 -->
    </test> <!-- 1.a. Test Error Message for Invalid Amount -->
    <test name="1.b. Test Error Message for Invalid Amount" duration-ms="14286" started-at="2018-10-07T23:56:34Z" finished-at="2018-10-07T23:56:48Z">
      <class name="Test.TestWestPacUserStory1">
        <test-method status="PASS" signature="setup()[pri:0, instance:Test.TestWestPacUserStory1@523884b2]" name="setup" is-config="true" duration-ms="10687" started-at="2018-10-08T12:56:34Z" finished-at="2018-10-08T12:56:44Z">
          <reporter-output>
          </reporter-output>
        </test-method> <!-- setup -->
        <test-method status="PASS" signature="test_Warning_Message_For_Invalid_Input(java.lang.String, java.lang.String)[pri:1, instance:Test.TestWestPacUserStory1@523884b2]" name="test_Warning_Message_For_Invalid_Input" duration-ms="3245" started-at="2018-10-08T12:56:44Z" finished-at="2018-10-08T12:56:48Z">
          <params>
            <param index="0">
              <value>
                <![CDATA[United States Dollar]]>
              </value>
            </param>
            <param index="1">
              <value>
                <![CDATA[New Zealand Dollar]]>
              </value>
            </param>
          </params>
          <reporter-output>
          </reporter-output>
        </test-method> <!-- test_Warning_Message_For_Invalid_Input -->
        <test-method status="PASS" signature="tearDown()[pri:0, instance:Test.TestWestPacUserStory1@523884b2]" name="tearDown" is-config="true" duration-ms="352" started-at="2018-10-08T12:56:48Z" finished-at="2018-10-08T12:56:48Z">
          <reporter-output>
          </reporter-output>
        </test-method> <!-- tearDown -->
      </class> <!-- Test.TestWestPacUserStory1 -->
    </test> <!-- 1.b. Test Error Message for Invalid Amount -->
    <test name="1.c. Test Error Message for Invalid Amount" duration-ms="14157" started-at="2018-10-07T23:56:48Z" finished-at="2018-10-07T23:57:02Z">
      <class name="Test.TestWestPacUserStory1">
        <test-method status="PASS" signature="setup()[pri:0, instance:Test.TestWestPacUserStory1@3532ec19]" name="setup" is-config="true" duration-ms="10712" started-at="2018-10-08T12:56:48Z" finished-at="2018-10-08T12:56:59Z">
          <reporter-output>
          </reporter-output>
        </test-method> <!-- setup -->
        <test-method status="PASS" signature="test_Warning_Message_For_Invalid_Input(java.lang.String, java.lang.String)[pri:1, instance:Test.TestWestPacUserStory1@3532ec19]" name="test_Warning_Message_For_Invalid_Input" duration-ms="3232" started-at="2018-10-08T12:56:59Z" finished-at="2018-10-08T12:57:02Z">
          <params>
            <param index="0">
              <value>
                <![CDATA[Pound Sterling]]>
              </value>
            </param>
            <param index="1">
              <value>
                <![CDATA[New Zealand Dollar]]>
              </value>
            </param>
          </params>
          <reporter-output>
          </reporter-output>
        </test-method> <!-- test_Warning_Message_For_Invalid_Input -->
        <test-method status="PASS" signature="tearDown()[pri:0, instance:Test.TestWestPacUserStory1@3532ec19]" name="tearDown" is-config="true" duration-ms="203" started-at="2018-10-08T12:57:02Z" finished-at="2018-10-08T12:57:02Z">
          <reporter-output>
          </reporter-output>
        </test-method> <!-- tearDown -->
      </class> <!-- Test.TestWestPacUserStory1 -->
    </test> <!-- 1.c. Test Error Message for Invalid Amount -->
    <test name="1.d. Test Error Message for Invalid Amount" duration-ms="12748" started-at="2018-10-07T23:57:02Z" finished-at="2018-10-07T23:57:15Z">
      <class name="Test.TestWestPacUserStory1">
        <test-method status="PASS" signature="setup()[pri:0, instance:Test.TestWestPacUserStory1@3e6fa38a]" name="setup" is-config="true" duration-ms="9240" started-at="2018-10-08T12:57:02Z" finished-at="2018-10-08T12:57:11Z">
          <reporter-output>
          </reporter-output>
        </test-method> <!-- setup -->
        <test-method status="PASS" signature="test_Warning_Message_For_Invalid_Input(java.lang.String, java.lang.String)[pri:1, instance:Test.TestWestPacUserStory1@3e6fa38a]" name="test_Warning_Message_For_Invalid_Input" duration-ms="3293" started-at="2018-10-08T12:57:11Z" finished-at="2018-10-08T12:57:15Z">
          <params>
            <param index="0">
              <value>
                <![CDATA[Swiss Franc]]>
              </value>
            </param>
            <param index="1">
              <value>
                <![CDATA[Euro]]>
              </value>
            </param>
          </params>
          <reporter-output>
          </reporter-output>
        </test-method> <!-- test_Warning_Message_For_Invalid_Input -->
        <test-method status="PASS" signature="tearDown()[pri:0, instance:Test.TestWestPacUserStory1@3e6fa38a]" name="tearDown" is-config="true" duration-ms="213" started-at="2018-10-08T12:57:15Z" finished-at="2018-10-08T12:57:15Z">
          <reporter-output>
          </reporter-output>
        </test-method> <!-- tearDown -->
      </class> <!-- Test.TestWestPacUserStory1 -->
    </test> <!-- 1.d. Test Error Message for Invalid Amount -->
    <test name="2.a. Test  Currency conversion from NZD To USD" duration-ms="22767" started-at="2018-10-07T23:57:15Z" finished-at="2018-10-07T23:57:38Z">
      <class name="Test.TestWestPacUserStory2">
        <test-method status="PASS" signature="setup()[pri:0, instance:Test.TestWestPacUserStory2@5c3bd550]" name="setup" is-config="true" duration-ms="9925" started-at="2018-10-08T12:57:15Z" finished-at="2018-10-08T12:57:25Z">
          <reporter-output>
          </reporter-output>
        </test-method> <!-- setup -->
        <test-method status="FAIL" signature="test_Valid_Currency_Conversion(java.lang.String, java.lang.String, java.lang.String)[pri:1, instance:Test.TestWestPacUserStory2@5c3bd550]" name="test_Valid_Currency_Conversion" duration-ms="12653" started-at="2018-10-08T12:57:25Z" description="Test Error Message when invalid amount is entered" finished-at="2018-10-08T12:57:38Z">
          <params>
            <param index="0">
              <value>
                <![CDATA[New Zealand Dollar]]>
              </value>
            </param>
            <param index="1">
              <value>
                <![CDATA[United States Dollar]]>
              </value>
            </param>
            <param index="2">
              <value>
                <![CDATA[1]]>
              </value>
            </param>
          </params>
          <exception class="org.openqa.selenium.NoSuchElementException">
            <message>
              <![CDATA[Unable to locate element: /html/body/div/table[1]/tbody/tr/td/form/div[1]/em
For documentation on this error, please visit: http://seleniumhq.org/exceptions/no_such_element.html
Build info: version: '3.6.0', revision: '6fbf3ec767', time: '2017-09-27T16:15:26.402Z'
System info: host: 'VIJAY', ip: '192.168.1.19', os.name: 'Windows 10', os.arch: 'amd64', os.version: '10.0', java.version: '1.8.0_151'
Driver info: org.openqa.selenium.firefox.FirefoxDriver
Capabilities [{moz:profile=C:\Users\vijayc\AppData\Local\Temp\rust_mozprofile.PHLenPVp2pbF, rotatable=false, timeouts={implicit=0, pageLoad=300000, script=30000}, pageLoadStrategy=normal, moz:headless=false, platform=XP, moz:accessibilityChecks=false, moz:useNonSpecCompliantPointerOrigin=false, acceptInsecureCerts=true, browserVersion=62.0.3, platformVersion=10.0, moz:processID=20880, browserName=firefox, javascriptEnabled=true, platformName=XP, moz:webdriverClick=true}]
Session ID: 14abf2c5-cd5e-4312-9b47-a91010b1b4a6
*** Element info: {Using=xpath, value=/html/body/div/table[1]/tbody/tr/td/form/div[1]/em}]]>
            </message>
            <full-stacktrace>
              <![CDATA[org.openqa.selenium.NoSuchElementException: Unable to locate element: /html/body/div/table[1]/tbody/tr/td/form/div[1]/em
For documentation on this error, please visit: http://seleniumhq.org/exceptions/no_such_element.html
Build info: version: '3.6.0', revision: '6fbf3ec767', time: '2017-09-27T16:15:26.402Z'
System info: host: 'VIJAY', ip: '192.168.1.19', os.name: 'Windows 10', os.arch: 'amd64', os.version: '10.0', java.version: '1.8.0_151'
Driver info: org.openqa.selenium.firefox.FirefoxDriver
Capabilities [{moz:profile=C:\Users\vijayc\AppData\Local\Temp\rust_mozprofile.PHLenPVp2pbF, rotatable=false, timeouts={implicit=0, pageLoad=300000, script=30000}, pageLoadStrategy=normal, moz:headless=false, platform=XP, moz:accessibilityChecks=false, moz:useNonSpecCompliantPointerOrigin=false, acceptInsecureCerts=true, browserVersion=62.0.3, platformVersion=10.0, moz:processID=20880, browserName=firefox, javascriptEnabled=true, platformName=XP, moz:webdriverClick=true}]
Session ID: 14abf2c5-cd5e-4312-9b47-a91010b1b4a6
*** Element info: {Using=xpath, value=/html/body/div/table[1]/tbody/tr/td/form/div[1]/em}
	at sun.reflect.NativeConstructorAccessorImpl.newInstance0(Native Method)
	at sun.reflect.NativeConstructorAccessorImpl.newInstance(NativeConstructorAccessorImpl.java:62)
	at sun.reflect.DelegatingConstructorAccessorImpl.newInstance(DelegatingConstructorAccessorImpl.java:45)
	at java.lang.reflect.Constructor.newInstance(Constructor.java:423)
	at org.openqa.selenium.remote.http.W3CHttpResponseCodec.createException(W3CHttpResponseCodec.java:185)
	at org.openqa.selenium.remote.http.W3CHttpResponseCodec.decode(W3CHttpResponseCodec.java:120)
	at org.openqa.selenium.remote.http.W3CHttpResponseCodec.decode(W3CHttpResponseCodec.java:49)
	at org.openqa.selenium.remote.HttpCommandExecutor.execute(HttpCommandExecutor.java:164)
	at org.openqa.selenium.remote.service.DriverCommandExecutor.execute(DriverCommandExecutor.java:83)
	at org.openqa.selenium.remote.RemoteWebDriver.execute(RemoteWebDriver.java:586)
	at org.openqa.selenium.remote.RemoteWebDriver.findElement(RemoteWebDriver.java:356)
	at org.openqa.selenium.remote.RemoteWebDriver.findElementByXPath(RemoteWebDriver.java:458)
	at org.openqa.selenium.By$ByXPath.findElement(By.java:361)
	at org.openqa.selenium.remote.RemoteWebDriver.findElement(RemoteWebDriver.java:348)
	at org.openqa.selenium.support.pagefactory.DefaultElementLocator.findElement(DefaultElementLocator.java:69)
	at org.openqa.selenium.support.pagefactory.internal.LocatingElementHandler.invoke(LocatingElementHandler.java:38)
	at com.sun.proxy.$Proxy10.getText(Unknown Source)
	at PageFactory.CurrencyConverterPage.verifyCurrencyConverted(CurrencyConverterPage.java:71)
	at PageFactory.CurrencyConverterPage.calculateCurrencyConversion(CurrencyConverterPage.java:64)
	at Test.TestWestPacUserStory2.test_Valid_Currency_Conversion(TestWestPacUserStory2.java:54)
	at sun.reflect.NativeMethodAccessorImpl.invoke0(Native Method)
	at sun.reflect.NativeMethodAccessorImpl.invoke(NativeMethodAccessorImpl.java:62)
	at sun.reflect.DelegatingMethodAccessorImpl.invoke(DelegatingMethodAccessorImpl.java:43)
	at java.lang.reflect.Method.invoke(Method.java:498)
	at org.testng.internal.MethodInvocationHelper.invokeMethod(MethodInvocationHelper.java:108)
	at org.testng.internal.Invoker.invokeMethod(Invoker.java:669)
	at org.testng.internal.Invoker.invokeTestMethod(Invoker.java:877)
	at org.testng.internal.Invoker.invokeTestMethods(Invoker.java:1201)
	at org.testng.internal.TestMethodWorker.invokeTestMethods(TestMethodWorker.java:125)
	at org.testng.internal.TestMethodWorker.run(TestMethodWorker.java:109)
	at org.testng.TestRunner.privateRun(TestRunner.java:776)
	at org.testng.TestRunner.run(TestRunner.java:634)
	at org.testng.SuiteRunner.runTest(SuiteRunner.java:425)
	at org.testng.SuiteRunner.runSequentially(SuiteRunner.java:420)
	at org.testng.SuiteRunner.privateRun(SuiteRunner.java:385)
	at org.testng.SuiteRunner.run(SuiteRunner.java:334)
	at org.testng.SuiteRunnerWorker.runSuite(SuiteRunnerWorker.java:52)
	at org.testng.SuiteRunnerWorker.run(SuiteRunnerWorker.java:86)
	at org.testng.TestNG.runSuitesSequentially(TestNG.java:1318)
	at org.testng.TestNG.runSuitesLocally(TestNG.java:1243)
	at org.testng.TestNG.runSuites(TestNG.java:1161)
	at org.testng.TestNG.run(TestNG.java:1129)
	at org.testng.remote.AbstractRemoteTestNG.run(AbstractRemoteTestNG.java:114)
	at org.testng.remote.RemoteTestNG.initAndRun(RemoteTestNG.java:251)
	at org.testng.remote.RemoteTestNG.main(RemoteTestNG.java:77)
]]>
            </full-stacktrace>
          </exception> <!-- org.openqa.selenium.NoSuchElementException -->
          <reporter-output>
          </reporter-output>
        </test-method> <!-- test_Valid_Currency_Conversion -->
        <test-method status="PASS" signature="tearDown()[pri:0, instance:Test.TestWestPacUserStory2@5c3bd550]" name="tearDown" is-config="true" duration-ms="181" started-at="2018-10-08T12:57:38Z" finished-at="2018-10-08T12:57:38Z">
          <reporter-output>
          </reporter-output>
        </test-method> <!-- tearDown -->
      </class> <!-- Test.TestWestPacUserStory2 -->
    </test> <!-- 2.a. Test  Currency conversion from NZD To USD -->
    <test name="2.b. Test Currency conversion from USD To NZD" duration-ms="25050" started-at="2018-10-07T23:57:38Z" finished-at="2018-10-07T23:58:03Z">
      <class name="Test.TestWestPacUserStory2">
        <test-method status="PASS" signature="setup()[pri:0, instance:Test.TestWestPacUserStory2@6d4b1c02]" name="setup" is-config="true" duration-ms="11673" started-at="2018-10-08T12:57:38Z" finished-at="2018-10-08T12:57:50Z">
          <reporter-output>
          </reporter-output>
        </test-method> <!-- setup -->
        <test-method status="FAIL" signature="test_Valid_Currency_Conversion(java.lang.String, java.lang.String, java.lang.String)[pri:1, instance:Test.TestWestPacUserStory2@6d4b1c02]" name="test_Valid_Currency_Conversion" duration-ms="13211" started-at="2018-10-08T12:57:50Z" description="Test Error Message when invalid amount is entered" finished-at="2018-10-08T12:58:03Z">
          <params>
            <param index="0">
              <value>
                <![CDATA[United States Dollar]]>
              </value>
            </param>
            <param index="1">
              <value>
                <![CDATA[New Zealand Dollar]]>
              </value>
            </param>
            <param index="2">
              <value>
                <![CDATA[1]]>
              </value>
            </param>
          </params>
          <exception class="org.openqa.selenium.NoSuchElementException">
            <message>
              <![CDATA[Unable to locate element: /html/body/div/table[1]/tbody/tr/td/form/div[1]/em
For documentation on this error, please visit: http://seleniumhq.org/exceptions/no_such_element.html
Build info: version: '3.6.0', revision: '6fbf3ec767', time: '2017-09-27T16:15:26.402Z'
System info: host: 'VIJAY', ip: '192.168.1.19', os.name: 'Windows 10', os.arch: 'amd64', os.version: '10.0', java.version: '1.8.0_151'
Driver info: org.openqa.selenium.firefox.FirefoxDriver
Capabilities [{moz:profile=C:\Users\vijayc\AppData\Local\Temp\rust_mozprofile.KiDieteGAttN, rotatable=false, timeouts={implicit=0, pageLoad=300000, script=30000}, pageLoadStrategy=normal, moz:headless=false, platform=XP, moz:accessibilityChecks=false, moz:useNonSpecCompliantPointerOrigin=false, acceptInsecureCerts=true, browserVersion=62.0.3, platformVersion=10.0, moz:processID=17736, browserName=firefox, javascriptEnabled=true, platformName=XP, moz:webdriverClick=true}]
Session ID: c4bba7db-d8d3-4437-b835-ff09197fdcdd
*** Element info: {Using=xpath, value=/html/body/div/table[1]/tbody/tr/td/form/div[1]/em}]]>
            </message>
            <full-stacktrace>
              <![CDATA[org.openqa.selenium.NoSuchElementException: Unable to locate element: /html/body/div/table[1]/tbody/tr/td/form/div[1]/em
For documentation on this error, please visit: http://seleniumhq.org/exceptions/no_such_element.html
Build info: version: '3.6.0', revision: '6fbf3ec767', time: '2017-09-27T16:15:26.402Z'
System info: host: 'VIJAY', ip: '192.168.1.19', os.name: 'Windows 10', os.arch: 'amd64', os.version: '10.0', java.version: '1.8.0_151'
Driver info: org.openqa.selenium.firefox.FirefoxDriver
Capabilities [{moz:profile=C:\Users\vijayc\AppData\Local\Temp\rust_mozprofile.KiDieteGAttN, rotatable=false, timeouts={implicit=0, pageLoad=300000, script=30000}, pageLoadStrategy=normal, moz:headless=false, platform=XP, moz:accessibilityChecks=false, moz:useNonSpecCompliantPointerOrigin=false, acceptInsecureCerts=true, browserVersion=62.0.3, platformVersion=10.0, moz:processID=17736, browserName=firefox, javascriptEnabled=true, platformName=XP, moz:webdriverClick=true}]
Session ID: c4bba7db-d8d3-4437-b835-ff09197fdcdd
*** Element info: {Using=xpath, value=/html/body/div/table[1]/tbody/tr/td/form/div[1]/em}
	at sun.reflect.NativeConstructorAccessorImpl.newInstance0(Native Method)
	at sun.reflect.NativeConstructorAccessorImpl.newInstance(NativeConstructorAccessorImpl.java:62)
	at sun.reflect.DelegatingConstructorAccessorImpl.newInstance(DelegatingConstructorAccessorImpl.java:45)
	at java.lang.reflect.Constructor.newInstance(Constructor.java:423)
	at org.openqa.selenium.remote.http.W3CHttpResponseCodec.createException(W3CHttpResponseCodec.java:185)
	at org.openqa.selenium.remote.http.W3CHttpResponseCodec.decode(W3CHttpResponseCodec.java:120)
	at org.openqa.selenium.remote.http.W3CHttpResponseCodec.decode(W3CHttpResponseCodec.java:49)
	at org.openqa.selenium.remote.HttpCommandExecutor.execute(HttpCommandExecutor.java:164)
	at org.openqa.selenium.remote.service.DriverCommandExecutor.execute(DriverCommandExecutor.java:83)
	at org.openqa.selenium.remote.RemoteWebDriver.execute(RemoteWebDriver.java:586)
	at org.openqa.selenium.remote.RemoteWebDriver.findElement(RemoteWebDriver.java:356)
	at org.openqa.selenium.remote.RemoteWebDriver.findElementByXPath(RemoteWebDriver.java:458)
	at org.openqa.selenium.By$ByXPath.findElement(By.java:361)
	at org.openqa.selenium.remote.RemoteWebDriver.findElement(RemoteWebDriver.java:348)
	at org.openqa.selenium.support.pagefactory.DefaultElementLocator.findElement(DefaultElementLocator.java:69)
	at org.openqa.selenium.support.pagefactory.internal.LocatingElementHandler.invoke(LocatingElementHandler.java:38)
	at com.sun.proxy.$Proxy10.getText(Unknown Source)
	at PageFactory.CurrencyConverterPage.verifyCurrencyConverted(CurrencyConverterPage.java:71)
	at PageFactory.CurrencyConverterPage.calculateCurrencyConversion(CurrencyConverterPage.java:64)
	at Test.TestWestPacUserStory2.test_Valid_Currency_Conversion(TestWestPacUserStory2.java:54)
	at sun.reflect.NativeMethodAccessorImpl.invoke0(Native Method)
	at sun.reflect.NativeMethodAccessorImpl.invoke(NativeMethodAccessorImpl.java:62)
	at sun.reflect.DelegatingMethodAccessorImpl.invoke(DelegatingMethodAccessorImpl.java:43)
	at java.lang.reflect.Method.invoke(Method.java:498)
	at org.testng.internal.MethodInvocationHelper.invokeMethod(MethodInvocationHelper.java:108)
	at org.testng.internal.Invoker.invokeMethod(Invoker.java:669)
	at org.testng.internal.Invoker.invokeTestMethod(Invoker.java:877)
	at org.testng.internal.Invoker.invokeTestMethods(Invoker.java:1201)
	at org.testng.internal.TestMethodWorker.invokeTestMethods(TestMethodWorker.java:125)
	at org.testng.internal.TestMethodWorker.run(TestMethodWorker.java:109)
	at org.testng.TestRunner.privateRun(TestRunner.java:776)
	at org.testng.TestRunner.run(TestRunner.java:634)
	at org.testng.SuiteRunner.runTest(SuiteRunner.java:425)
	at org.testng.SuiteRunner.runSequentially(SuiteRunner.java:420)
	at org.testng.SuiteRunner.privateRun(SuiteRunner.java:385)
	at org.testng.SuiteRunner.run(SuiteRunner.java:334)
	at org.testng.SuiteRunnerWorker.runSuite(SuiteRunnerWorker.java:52)
	at org.testng.SuiteRunnerWorker.run(SuiteRunnerWorker.java:86)
	at org.testng.TestNG.runSuitesSequentially(TestNG.java:1318)
	at org.testng.TestNG.runSuitesLocally(TestNG.java:1243)
	at org.testng.TestNG.runSuites(TestNG.java:1161)
	at org.testng.TestNG.run(TestNG.java:1129)
	at org.testng.remote.AbstractRemoteTestNG.run(AbstractRemoteTestNG.java:114)
	at org.testng.remote.RemoteTestNG.initAndRun(RemoteTestNG.java:251)
	at org.testng.remote.RemoteTestNG.main(RemoteTestNG.java:77)
]]>
            </full-stacktrace>
          </exception> <!-- org.openqa.selenium.NoSuchElementException -->
          <reporter-output>
          </reporter-output>
        </test-method> <!-- test_Valid_Currency_Conversion -->
        <test-method status="PASS" signature="tearDown()[pri:0, instance:Test.TestWestPacUserStory2@6d4b1c02]" name="tearDown" is-config="true" duration-ms="160" started-at="2018-10-08T12:58:03Z" finished-at="2018-10-08T12:58:03Z">
          <reporter-output>
          </reporter-output>
        </test-method> <!-- tearDown -->
      </class> <!-- Test.TestWestPacUserStory2 -->
    </test> <!-- 2.b. Test Currency conversion from USD To NZD -->
    <test name="2.c. Test Currency conversion from Pound To NZD" duration-ms="24270" started-at="2018-10-07T23:58:03Z" finished-at="2018-10-07T23:58:27Z">
      <class name="Test.TestWestPacUserStory2">
        <test-method status="PASS" signature="setup()[pri:0, instance:Test.TestWestPacUserStory2@42e26948]" name="setup" is-config="true" duration-ms="10835" started-at="2018-10-08T12:58:03Z" finished-at="2018-10-08T12:58:14Z">
          <reporter-output>
          </reporter-output>
        </test-method> <!-- setup -->
        <test-method status="FAIL" signature="test_Valid_Currency_Conversion(java.lang.String, java.lang.String, java.lang.String)[pri:1, instance:Test.TestWestPacUserStory2@42e26948]" name="test_Valid_Currency_Conversion" duration-ms="13061" started-at="2018-10-08T12:58:14Z" description="Test Error Message when invalid amount is entered" finished-at="2018-10-08T12:58:27Z">
          <params>
            <param index="0">
              <value>
                <![CDATA[Pound Sterling]]>
              </value>
            </param>
            <param index="1">
              <value>
                <![CDATA[New Zealand Dollar]]>
              </value>
            </param>
            <param index="2">
              <value>
                <![CDATA[1]]>
              </value>
            </param>
          </params>
          <exception class="org.openqa.selenium.NoSuchElementException">
            <message>
              <![CDATA[Unable to locate element: /html/body/div/table[1]/tbody/tr/td/form/div[1]/em
For documentation on this error, please visit: http://seleniumhq.org/exceptions/no_such_element.html
Build info: version: '3.6.0', revision: '6fbf3ec767', time: '2017-09-27T16:15:26.402Z'
System info: host: 'VIJAY', ip: '192.168.1.19', os.name: 'Windows 10', os.arch: 'amd64', os.version: '10.0', java.version: '1.8.0_151'
Driver info: org.openqa.selenium.firefox.FirefoxDriver
Capabilities [{moz:profile=C:\Users\vijayc\AppData\Local\Temp\rust_mozprofile.uFSLii2xRV5I, rotatable=false, timeouts={implicit=0, pageLoad=300000, script=30000}, pageLoadStrategy=normal, moz:headless=false, platform=XP, moz:accessibilityChecks=false, moz:useNonSpecCompliantPointerOrigin=false, acceptInsecureCerts=true, browserVersion=62.0.3, platformVersion=10.0, moz:processID=6964, browserName=firefox, javascriptEnabled=true, platformName=XP, moz:webdriverClick=true}]
Session ID: e6016da3-814a-4e0f-ac1c-bdeb7236650b
*** Element info: {Using=xpath, value=/html/body/div/table[1]/tbody/tr/td/form/div[1]/em}]]>
            </message>
            <full-stacktrace>
              <![CDATA[org.openqa.selenium.NoSuchElementException: Unable to locate element: /html/body/div/table[1]/tbody/tr/td/form/div[1]/em
For documentation on this error, please visit: http://seleniumhq.org/exceptions/no_such_element.html
Build info: version: '3.6.0', revision: '6fbf3ec767', time: '2017-09-27T16:15:26.402Z'
System info: host: 'VIJAY', ip: '192.168.1.19', os.name: 'Windows 10', os.arch: 'amd64', os.version: '10.0', java.version: '1.8.0_151'
Driver info: org.openqa.selenium.firefox.FirefoxDriver
Capabilities [{moz:profile=C:\Users\vijayc\AppData\Local\Temp\rust_mozprofile.uFSLii2xRV5I, rotatable=false, timeouts={implicit=0, pageLoad=300000, script=30000}, pageLoadStrategy=normal, moz:headless=false, platform=XP, moz:accessibilityChecks=false, moz:useNonSpecCompliantPointerOrigin=false, acceptInsecureCerts=true, browserVersion=62.0.3, platformVersion=10.0, moz:processID=6964, browserName=firefox, javascriptEnabled=true, platformName=XP, moz:webdriverClick=true}]
Session ID: e6016da3-814a-4e0f-ac1c-bdeb7236650b
*** Element info: {Using=xpath, value=/html/body/div/table[1]/tbody/tr/td/form/div[1]/em}
	at sun.reflect.NativeConstructorAccessorImpl.newInstance0(Native Method)
	at sun.reflect.NativeConstructorAccessorImpl.newInstance(NativeConstructorAccessorImpl.java:62)
	at sun.reflect.DelegatingConstructorAccessorImpl.newInstance(DelegatingConstructorAccessorImpl.java:45)
	at java.lang.reflect.Constructor.newInstance(Constructor.java:423)
	at org.openqa.selenium.remote.http.W3CHttpResponseCodec.createException(W3CHttpResponseCodec.java:185)
	at org.openqa.selenium.remote.http.W3CHttpResponseCodec.decode(W3CHttpResponseCodec.java:120)
	at org.openqa.selenium.remote.http.W3CHttpResponseCodec.decode(W3CHttpResponseCodec.java:49)
	at org.openqa.selenium.remote.HttpCommandExecutor.execute(HttpCommandExecutor.java:164)
	at org.openqa.selenium.remote.service.DriverCommandExecutor.execute(DriverCommandExecutor.java:83)
	at org.openqa.selenium.remote.RemoteWebDriver.execute(RemoteWebDriver.java:586)
	at org.openqa.selenium.remote.RemoteWebDriver.findElement(RemoteWebDriver.java:356)
	at org.openqa.selenium.remote.RemoteWebDriver.findElementByXPath(RemoteWebDriver.java:458)
	at org.openqa.selenium.By$ByXPath.findElement(By.java:361)
	at org.openqa.selenium.remote.RemoteWebDriver.findElement(RemoteWebDriver.java:348)
	at org.openqa.selenium.support.pagefactory.DefaultElementLocator.findElement(DefaultElementLocator.java:69)
	at org.openqa.selenium.support.pagefactory.internal.LocatingElementHandler.invoke(LocatingElementHandler.java:38)
	at com.sun.proxy.$Proxy10.getText(Unknown Source)
	at PageFactory.CurrencyConverterPage.verifyCurrencyConverted(CurrencyConverterPage.java:71)
	at PageFactory.CurrencyConverterPage.calculateCurrencyConversion(CurrencyConverterPage.java:64)
	at Test.TestWestPacUserStory2.test_Valid_Currency_Conversion(TestWestPacUserStory2.java:54)
	at sun.reflect.NativeMethodAccessorImpl.invoke0(Native Method)
	at sun.reflect.NativeMethodAccessorImpl.invoke(NativeMethodAccessorImpl.java:62)
	at sun.reflect.DelegatingMethodAccessorImpl.invoke(DelegatingMethodAccessorImpl.java:43)
	at java.lang.reflect.Method.invoke(Method.java:498)
	at org.testng.internal.MethodInvocationHelper.invokeMethod(MethodInvocationHelper.java:108)
	at org.testng.internal.Invoker.invokeMethod(Invoker.java:669)
	at org.testng.internal.Invoker.invokeTestMethod(Invoker.java:877)
	at org.testng.internal.Invoker.invokeTestMethods(Invoker.java:1201)
	at org.testng.internal.TestMethodWorker.invokeTestMethods(TestMethodWorker.java:125)
	at org.testng.internal.TestMethodWorker.run(TestMethodWorker.java:109)
	at org.testng.TestRunner.privateRun(TestRunner.java:776)
	at org.testng.TestRunner.run(TestRunner.java:634)
	at org.testng.SuiteRunner.runTest(SuiteRunner.java:425)
	at org.testng.SuiteRunner.runSequentially(SuiteRunner.java:420)
	at org.testng.SuiteRunner.privateRun(SuiteRunner.java:385)
	at org.testng.SuiteRunner.run(SuiteRunner.java:334)
	at org.testng.SuiteRunnerWorker.runSuite(SuiteRunnerWorker.java:52)
	at org.testng.SuiteRunnerWorker.run(SuiteRunnerWorker.java:86)
	at org.testng.TestNG.runSuitesSequentially(TestNG.java:1318)
	at org.testng.TestNG.runSuitesLocally(TestNG.java:1243)
	at org.testng.TestNG.runSuites(TestNG.java:1161)
	at org.testng.TestNG.run(TestNG.java:1129)
	at org.testng.remote.AbstractRemoteTestNG.run(AbstractRemoteTestNG.java:114)
	at org.testng.remote.RemoteTestNG.initAndRun(RemoteTestNG.java:251)
	at org.testng.remote.RemoteTestNG.main(RemoteTestNG.java:77)
]]>
            </full-stacktrace>
          </exception> <!-- org.openqa.selenium.NoSuchElementException -->
          <reporter-output>
          </reporter-output>
        </test-method> <!-- test_Valid_Currency_Conversion -->
        <test-method status="PASS" signature="tearDown()[pri:0, instance:Test.TestWestPacUserStory2@42e26948]" name="tearDown" is-config="true" duration-ms="363" started-at="2018-10-08T12:58:27Z" finished-at="2018-10-08T12:58:27Z">
          <reporter-output>
          </reporter-output>
        </test-method> <!-- tearDown -->
      </class> <!-- Test.TestWestPacUserStory2 -->
    </test> <!-- 2.c. Test Currency conversion from Pound To NZD -->
    <test name="2.d. Test Currency conversion from Swiss To Euro" duration-ms="24906" started-at="2018-10-07T23:58:27Z" finished-at="2018-10-07T23:58:52Z">
      <class name="Test.TestWestPacUserStory2">
        <test-method status="PASS" signature="setup()[pri:0, instance:Test.TestWestPacUserStory2@4667ae56]" name="setup" is-config="true" duration-ms="11220" started-at="2018-10-08T12:58:27Z" finished-at="2018-10-08T12:58:38Z">
          <reporter-output>
          </reporter-output>
        </test-method> <!-- setup -->
        <test-method status="FAIL" signature="test_Valid_Currency_Conversion(java.lang.String, java.lang.String, java.lang.String)[pri:1, instance:Test.TestWestPacUserStory2@4667ae56]" name="test_Valid_Currency_Conversion" duration-ms="13548" started-at="2018-10-08T12:58:38Z" description="Test Error Message when invalid amount is entered" finished-at="2018-10-08T12:58:52Z">
          <params>
            <param index="0">
              <value>
                <![CDATA[Swiss Franc]]>
              </value>
            </param>
            <param index="1">
              <value>
                <![CDATA[Euro]]>
              </value>
            </param>
            <param index="2">
              <value>
                <![CDATA[1]]>
              </value>
            </param>
          </params>
          <exception class="org.openqa.selenium.NoSuchElementException">
            <message>
              <![CDATA[Unable to locate element: /html/body/div/table[1]/tbody/tr/td/form/div[1]/em
For documentation on this error, please visit: http://seleniumhq.org/exceptions/no_such_element.html
Build info: version: '3.6.0', revision: '6fbf3ec767', time: '2017-09-27T16:15:26.402Z'
System info: host: 'VIJAY', ip: '192.168.1.19', os.name: 'Windows 10', os.arch: 'amd64', os.version: '10.0', java.version: '1.8.0_151'
Driver info: org.openqa.selenium.firefox.FirefoxDriver
Capabilities [{moz:profile=C:\Users\vijayc\AppData\Local\Temp\rust_mozprofile.ctJMA3yL5r8C, rotatable=false, timeouts={implicit=0, pageLoad=300000, script=30000}, pageLoadStrategy=normal, moz:headless=false, platform=XP, moz:accessibilityChecks=false, moz:useNonSpecCompliantPointerOrigin=false, acceptInsecureCerts=true, browserVersion=62.0.3, platformVersion=10.0, moz:processID=26528, browserName=firefox, javascriptEnabled=true, platformName=XP, moz:webdriverClick=true}]
Session ID: ea04b428-714d-4137-b81c-a38a3afadea0
*** Element info: {Using=xpath, value=/html/body/div/table[1]/tbody/tr/td/form/div[1]/em}]]>
            </message>
            <full-stacktrace>
              <![CDATA[org.openqa.selenium.NoSuchElementException: Unable to locate element: /html/body/div/table[1]/tbody/tr/td/form/div[1]/em
For documentation on this error, please visit: http://seleniumhq.org/exceptions/no_such_element.html
Build info: version: '3.6.0', revision: '6fbf3ec767', time: '2017-09-27T16:15:26.402Z'
System info: host: 'VIJAY', ip: '192.168.1.19', os.name: 'Windows 10', os.arch: 'amd64', os.version: '10.0', java.version: '1.8.0_151'
Driver info: org.openqa.selenium.firefox.FirefoxDriver
Capabilities [{moz:profile=C:\Users\vijayc\AppData\Local\Temp\rust_mozprofile.ctJMA3yL5r8C, rotatable=false, timeouts={implicit=0, pageLoad=300000, script=30000}, pageLoadStrategy=normal, moz:headless=false, platform=XP, moz:accessibilityChecks=false, moz:useNonSpecCompliantPointerOrigin=false, acceptInsecureCerts=true, browserVersion=62.0.3, platformVersion=10.0, moz:processID=26528, browserName=firefox, javascriptEnabled=true, platformName=XP, moz:webdriverClick=true}]
Session ID: ea04b428-714d-4137-b81c-a38a3afadea0
*** Element info: {Using=xpath, value=/html/body/div/table[1]/tbody/tr/td/form/div[1]/em}
	at sun.reflect.NativeConstructorAccessorImpl.newInstance0(Native Method)
	at sun.reflect.NativeConstructorAccessorImpl.newInstance(NativeConstructorAccessorImpl.java:62)
	at sun.reflect.DelegatingConstructorAccessorImpl.newInstance(DelegatingConstructorAccessorImpl.java:45)
	at java.lang.reflect.Constructor.newInstance(Constructor.java:423)
	at org.openqa.selenium.remote.http.W3CHttpResponseCodec.createException(W3CHttpResponseCodec.java:185)
	at org.openqa.selenium.remote.http.W3CHttpResponseCodec.decode(W3CHttpResponseCodec.java:120)
	at org.openqa.selenium.remote.http.W3CHttpResponseCodec.decode(W3CHttpResponseCodec.java:49)
	at org.openqa.selenium.remote.HttpCommandExecutor.execute(HttpCommandExecutor.java:164)
	at org.openqa.selenium.remote.service.DriverCommandExecutor.execute(DriverCommandExecutor.java:83)
	at org.openqa.selenium.remote.RemoteWebDriver.execute(RemoteWebDriver.java:586)
	at org.openqa.selenium.remote.RemoteWebDriver.findElement(RemoteWebDriver.java:356)
	at org.openqa.selenium.remote.RemoteWebDriver.findElementByXPath(RemoteWebDriver.java:458)
	at org.openqa.selenium.By$ByXPath.findElement(By.java:361)
	at org.openqa.selenium.remote.RemoteWebDriver.findElement(RemoteWebDriver.java:348)
	at org.openqa.selenium.support.pagefactory.DefaultElementLocator.findElement(DefaultElementLocator.java:69)
	at org.openqa.selenium.support.pagefactory.internal.LocatingElementHandler.invoke(LocatingElementHandler.java:38)
	at com.sun.proxy.$Proxy10.getText(Unknown Source)
	at PageFactory.CurrencyConverterPage.verifyCurrencyConverted(CurrencyConverterPage.java:71)
	at PageFactory.CurrencyConverterPage.calculateCurrencyConversion(CurrencyConverterPage.java:64)
	at Test.TestWestPacUserStory2.test_Valid_Currency_Conversion(TestWestPacUserStory2.java:54)
	at sun.reflect.NativeMethodAccessorImpl.invoke0(Native Method)
	at sun.reflect.NativeMethodAccessorImpl.invoke(NativeMethodAccessorImpl.java:62)
	at sun.reflect.DelegatingMethodAccessorImpl.invoke(DelegatingMethodAccessorImpl.java:43)
	at java.lang.reflect.Method.invoke(Method.java:498)
	at org.testng.internal.MethodInvocationHelper.invokeMethod(MethodInvocationHelper.java:108)
	at org.testng.internal.Invoker.invokeMethod(Invoker.java:669)
	at org.testng.internal.Invoker.invokeTestMethod(Invoker.java:877)
	at org.testng.internal.Invoker.invokeTestMethods(Invoker.java:1201)
	at org.testng.internal.TestMethodWorker.invokeTestMethods(TestMethodWorker.java:125)
	at org.testng.internal.TestMethodWorker.run(TestMethodWorker.java:109)
	at org.testng.TestRunner.privateRun(TestRunner.java:776)
	at org.testng.TestRunner.run(TestRunner.java:634)
	at org.testng.SuiteRunner.runTest(SuiteRunner.java:425)
	at org.testng.SuiteRunner.runSequentially(SuiteRunner.java:420)
	at org.testng.SuiteRunner.privateRun(SuiteRunner.java:385)
	at org.testng.SuiteRunner.run(SuiteRunner.java:334)
	at org.testng.SuiteRunnerWorker.runSuite(SuiteRunnerWorker.java:52)
	at org.testng.SuiteRunnerWorker.run(SuiteRunnerWorker.java:86)
	at org.testng.TestNG.runSuitesSequentially(TestNG.java:1318)
	at org.testng.TestNG.runSuitesLocally(TestNG.java:1243)
	at org.testng.TestNG.runSuites(TestNG.java:1161)
	at org.testng.TestNG.run(TestNG.java:1129)
	at org.testng.remote.AbstractRemoteTestNG.run(AbstractRemoteTestNG.java:114)
	at org.testng.remote.RemoteTestNG.initAndRun(RemoteTestNG.java:251)
	at org.testng.remote.RemoteTestNG.main(RemoteTestNG.java:77)
]]>
            </full-stacktrace>
          </exception> <!-- org.openqa.selenium.NoSuchElementException -->
          <reporter-output>
          </reporter-output>
        </test-method> <!-- test_Valid_Currency_Conversion -->
        <test-method status="PASS" signature="tearDown()[pri:0, instance:Test.TestWestPacUserStory2@4667ae56]" name="tearDown" is-config="true" duration-ms="133" started-at="2018-10-08T12:58:52Z" finished-at="2018-10-08T12:58:52Z">
          <reporter-output>
          </reporter-output>
        </test-method> <!-- tearDown -->
      </class> <!-- Test.TestWestPacUserStory2 -->
    </test> <!-- 2.d. Test Currency conversion from Swiss To Euro -->
  </suite> <!-- WestPac User Story 1 TestSuite -->
</testng-results>
